2020-04-12 20:25:06,468 Starting new HTTPS connection (1): trainings.internshala.com:443
2020-04-12 20:25:06,474 Starting new HTTPS connection (1): trainings.internshala.com:443
2020-04-12 20:25:06,477 Starting new HTTPS connection (1): trainings.internshala.com:443
2020-04-12 20:25:06,480 Starting new HTTPS connection (1): trainings.internshala.com:443
2020-04-12 20:25:06,488 Starting new HTTPS connection (1): trainings.internshala.com:443
2020-04-12 20:25:06,494 Starting new HTTPS connection (1): trainings.internshala.com:443
2020-04-12 20:25:06,496 Starting new HTTPS connection (1): trainings.internshala.com:443
2020-04-12 20:25:06,499 Starting new HTTPS connection (1): trainings.internshala.com:443
2020-04-12 20:25:06,502 Starting new HTTPS connection (1): trainings.internshala.com:443
2020-04-12 20:25:06,504 Starting new HTTPS connection (1): trainings.internshala.com:443
2020-04-12 20:25:06,510 Starting new HTTPS connection (1): trainings.internshala.com:443
2020-04-12 20:25:06,511 Starting new HTTPS connection (1): trainings.internshala.com:443
2020-04-12 20:25:06,511 Starting new HTTPS connection (1): trainings.internshala.com:443
2020-04-12 20:25:06,511 Starting new HTTPS connection (1): trainings.internshala.com:443
2020-04-12 20:25:06,512 Starting new HTTPS connection (1): trainings.internshala.com:443
2020-04-12 20:25:06,516 Starting new HTTPS connection (1): trainings.internshala.com:443
2020-04-12 20:25:06,516 Starting new HTTPS connection (1): trainings.internshala.com:443
2020-04-12 20:25:06,521 Starting new HTTPS connection (1): trainings.internshala.com:443
2020-04-12 20:25:06,527 Starting new HTTPS connection (1): trainings.internshala.com:443
2020-04-12 20:25:06,533 Starting new HTTPS connection (1): trainings.internshala.com:443
2020-04-12 20:25:06,534 Starting new HTTPS connection (1): trainings.internshala.com:443
2020-04-12 20:25:06,534 Starting new HTTPS connection (1): trainings.internshala.com:443
2020-04-12 20:25:06,535 Starting new HTTPS connection (1): trainings.internshala.com:443
2020-04-12 20:25:06,536 Starting new HTTPS connection (1): trainings.internshala.com:443
2020-04-12 20:25:06,536 Starting new HTTPS connection (1): trainings.internshala.com:443
2020-04-12 20:25:06,536 Starting new HTTPS connection (1): trainings.internshala.com:443
2020-04-12 20:25:06,541 Starting new HTTPS connection (1): trainings.internshala.com:443
2020-04-12 20:25:06,542 Starting new HTTPS connection (1): trainings.internshala.com:443
2020-04-12 20:25:06,542 Starting new HTTPS connection (1): trainings.internshala.com:443
2020-04-12 20:25:06,552 Starting new HTTPS connection (1): trainings.internshala.com:443
2020-04-12 20:25:06,553 Starting new HTTPS connection (1): trainings.internshala.com:443
2020-04-12 20:25:06,553 Starting new HTTPS connection (1): trainings.internshala.com:443
2020-04-12 20:25:06,553 Starting new HTTPS connection (1): trainings.internshala.com:443
2020-04-12 20:25:06,554 Starting new HTTPS connection (1): trainings.internshala.com:443
2020-04-12 20:25:06,555 Starting new HTTPS connection (1): trainings.internshala.com:443
2020-04-12 20:25:07,266 https://trainings.internshala.com:443 "GET /uploads/python/uploads/projects/v_2/867027/5e7f218fa0d5c.zip HTTP/1.1" 301 162
2020-04-12 20:25:07,271 https://trainings.internshala.com:443 "GET /uploads/python/uploads/projects/v_2/866771/5e7b42b3a70a0.zip HTTP/1.1" 301 162
2020-04-12 20:25:07,281 Starting new HTTPS connection (1): s3-ap-south-1.amazonaws.com:443
2020-04-12 20:25:07,282 Starting new HTTPS connection (1): s3-ap-south-1.amazonaws.com:443
2020-04-12 20:25:07,403 https://trainings.internshala.com:443 "GET /uploads/python/uploads/projects/v_2/873195/5e832cfc3ef7e.rar HTTP/1.1" 301 162
2020-04-12 20:25:07,421 Starting new HTTPS connection (1): s3-ap-south-1.amazonaws.com:443
2020-04-12 20:25:07,460 https://trainings.internshala.com:443 "GET /uploads/python/uploads/projects/v_2/887119/5e91f17a31aad.rar HTTP/1.1" 301 162
2020-04-12 20:25:07,465 https://trainings.internshala.com:443 "GET /uploads/python/uploads/projects/v_2/867525/5e8c6a6a3aa7b.zip HTTP/1.1" 301 162
2020-04-12 20:25:07,466 https://trainings.internshala.com:443 "GET /uploads/python/uploads/projects/v_2/869845/5e8c7128a79f9.zip HTTP/1.1" 301 162
2020-04-12 20:25:07,468 https://trainings.internshala.com:443 "GET /uploads/python/uploads/projects/v_2/804264/5e88b82b4bda7.rar HTTP/1.1" 301 162
2020-04-12 20:25:07,468 https://trainings.internshala.com:443 "GET /uploads/python/uploads/projects/v_2/919876/5e8ae83e05d8c.zip HTTP/1.1" 301 162
2020-04-12 20:25:07,469 https://trainings.internshala.com:443 "GET /uploads/python/uploads/projects/v_2/882222/5e82e393e8674.zip HTTP/1.1" 301 162
2020-04-12 20:25:07,470 https://trainings.internshala.com:443 "GET /uploads/python/uploads/projects/v_2/876977/5e8ccdf0521fe.zip HTTP/1.1" 301 162
2020-04-12 20:25:07,471 https://trainings.internshala.com:443 "GET /uploads/python/uploads/projects/v_2/935466/5e8ae4c6b11e4.zip HTTP/1.1" 301 162
2020-04-12 20:25:07,482 https://trainings.internshala.com:443 "GET /uploads/python/uploads/projects/v_2/880702/5e930bf73f6f4.zip HTTP/1.1" 301 162
2020-04-12 20:25:07,483 https://trainings.internshala.com:443 "GET /uploads/python/uploads/projects/v_2/918423/5e8b5b3e6944f.zip HTTP/1.1" 301 162
2020-04-12 20:25:07,486 https://trainings.internshala.com:443 "GET /uploads/python/uploads/projects/v_2/875685/5e889f2a87f7e.zip HTTP/1.1" 301 162
2020-04-12 20:25:07,487 https://trainings.internshala.com:443 "GET /uploads/python/uploads/projects/v_2/877113/5e8d95216f936.rar HTTP/1.1" 301 162
2020-04-12 20:25:07,490 https://trainings.internshala.com:443 "GET /uploads/python/uploads/projects/v_2/873104/5e916e23ed865.zip HTTP/1.1" 301 162
2020-04-12 20:25:07,524 Starting new HTTPS connection (1): s3-ap-south-1.amazonaws.com:443
2020-04-12 20:25:07,525 https://trainings.internshala.com:443 "GET /uploads/python/uploads/projects/v_2/901342/5e87719cbb9f6.zip HTTP/1.1" 301 162
2020-04-12 20:25:07,558 https://trainings.internshala.com:443 "GET /uploads/python/uploads/projects/v_2/875059/5e844a8e65d8d.zip HTTP/1.1" 301 162
2020-04-12 20:25:07,559 https://trainings.internshala.com:443 "GET /uploads/python/uploads/projects/v_2/882242/5e843f59b972f.zip HTTP/1.1" 301 162
2020-04-12 20:25:07,571 https://trainings.internshala.com:443 "GET /uploads/python/uploads/projects/v_2/894096/5e8ae1ff0a4f9.zip HTTP/1.1" 301 162
2020-04-12 20:25:07,572 https://trainings.internshala.com:443 "GET /uploads/python/uploads/projects/v_2/870937/5e8a20979bd81.zip HTTP/1.1" 301 162
2020-04-12 20:25:07,573 https://trainings.internshala.com:443 "GET /uploads/python/uploads/projects/v_2/836408/5e8b49ef57496.zip HTTP/1.1" 301 162
2020-04-12 20:25:07,575 Starting new HTTPS connection (1): s3-ap-south-1.amazonaws.com:443
2020-04-12 20:25:07,576 https://trainings.internshala.com:443 "GET /uploads/python/uploads/projects/v_2/896803/5e8f692c4991d.zip HTTP/1.1" 301 162
2020-04-12 20:25:07,577 https://trainings.internshala.com:443 "GET /uploads/python/uploads/projects/v_2/922869/5e8c1262a877a.zip HTTP/1.1" 301 162
2020-04-12 20:25:07,578 https://trainings.internshala.com:443 "GET /uploads/python/uploads/projects/v_2/866765/5e8c681ae58b5.zip HTTP/1.1" 301 162
2020-04-12 20:25:07,579 https://trainings.internshala.com:443 "GET /uploads/python/uploads/projects/v_2/871081/5e862af10c315.zip HTTP/1.1" 301 162
2020-04-12 20:25:07,582 https://trainings.internshala.com:443 "GET /uploads/python/uploads/projects/v_2/922360/5e7c83bfa23ca.zip HTTP/1.1" 301 162
2020-04-12 20:25:07,583 https://trainings.internshala.com:443 "GET /uploads/python/uploads/projects/v_2/894820/5e84752142413.rar HTTP/1.1" 301 162
2020-04-12 20:25:07,607 https://trainings.internshala.com:443 "GET /uploads/python/uploads/projects/v_2/891018/5e8763ea6907e.zip HTTP/1.1" 301 162
2020-04-12 20:25:07,610 https://trainings.internshala.com:443 "GET /uploads/python/uploads/projects/v_2/899945/5e8f835bf3945.zip HTTP/1.1" 301 162
2020-04-12 20:25:07,617 Starting new HTTPS connection (1): s3-ap-south-1.amazonaws.com:443
2020-04-12 20:25:07,618 Starting new HTTPS connection (1): s3-ap-south-1.amazonaws.com:443
2020-04-12 20:25:07,619 Starting new HTTPS connection (1): s3-ap-south-1.amazonaws.com:443
2020-04-12 20:25:07,625 Starting new HTTPS connection (1): s3-ap-south-1.amazonaws.com:443
2020-04-12 20:25:07,628 Starting new HTTPS connection (1): s3-ap-south-1.amazonaws.com:443
2020-04-12 20:25:07,642 https://trainings.internshala.com:443 "GET /uploads/python/uploads/projects/v_2/925930/5e81d6b0a9df0.zip HTTP/1.1" 301 162
2020-04-12 20:25:07,643 Starting new HTTPS connection (1): s3-ap-south-1.amazonaws.com:443
2020-04-12 20:25:07,654 Starting new HTTPS connection (1): s3-ap-south-1.amazonaws.com:443
2020-04-12 20:25:07,655 Starting new HTTPS connection (1): s3-ap-south-1.amazonaws.com:443
2020-04-12 20:25:07,656 Starting new HTTPS connection (1): s3-ap-south-1.amazonaws.com:443
2020-04-12 20:25:07,668 Starting new HTTPS connection (1): s3-ap-south-1.amazonaws.com:443
2020-04-12 20:25:07,677 Starting new HTTPS connection (1): s3-ap-south-1.amazonaws.com:443
2020-04-12 20:25:07,694 Starting new HTTPS connection (1): s3-ap-south-1.amazonaws.com:443
2020-04-12 20:25:07,709 https://trainings.internshala.com:443 "GET /uploads/python/uploads/projects/v_2/920687/5e8ca68e091cb.zip HTTP/1.1" 301 162
2020-04-12 20:25:07,709 https://trainings.internshala.com:443 "GET /uploads/python/uploads/projects/v_2/858946/5e8f42f612157.rar HTTP/1.1" 301 162
2020-04-12 20:25:07,710 Starting new HTTPS connection (1): s3-ap-south-1.amazonaws.com:443
2020-04-12 20:25:07,715 https://trainings.internshala.com:443 "GET /uploads/python/uploads/projects/v_2/876694/5e8b1d3f2c534.zip HTTP/1.1" 301 162
2020-04-12 20:25:07,716 https://trainings.internshala.com:443 "GET /uploads/python/uploads/projects/v_2/882225/5e843ea025a5f.zip HTTP/1.1" 301 162
2020-04-12 20:25:07,722 Starting new HTTPS connection (1): s3-ap-south-1.amazonaws.com:443
2020-04-12 20:25:07,734 Starting new HTTPS connection (1): s3-ap-south-1.amazonaws.com:443
2020-04-12 20:25:07,735 Starting new HTTPS connection (1): s3-ap-south-1.amazonaws.com:443
2020-04-12 20:25:07,775 Starting new HTTPS connection (1): s3-ap-south-1.amazonaws.com:443
2020-04-12 20:25:07,783 Starting new HTTPS connection (1): s3-ap-south-1.amazonaws.com:443
2020-04-12 20:25:07,799 Starting new HTTPS connection (1): s3-ap-south-1.amazonaws.com:443
2020-04-12 20:25:07,813 Starting new HTTPS connection (1): s3-ap-south-1.amazonaws.com:443
2020-04-12 20:25:07,822 Starting new HTTPS connection (1): s3-ap-south-1.amazonaws.com:443
2020-04-12 20:25:07,822 Starting new HTTPS connection (1): s3-ap-south-1.amazonaws.com:443
2020-04-12 20:25:07,823 Starting new HTTPS connection (1): s3-ap-south-1.amazonaws.com:443
2020-04-12 20:25:07,824 Starting new HTTPS connection (1): s3-ap-south-1.amazonaws.com:443
2020-04-12 20:25:07,824 Starting new HTTPS connection (1): s3-ap-south-1.amazonaws.com:443
2020-04-12 20:25:07,834 Starting new HTTPS connection (1): s3-ap-south-1.amazonaws.com:443
2020-04-12 20:25:07,862 Starting new HTTPS connection (1): s3-ap-south-1.amazonaws.com:443
2020-04-12 20:25:07,868 Starting new HTTPS connection (1): s3-ap-south-1.amazonaws.com:443
2020-04-12 20:25:07,869 Starting new HTTPS connection (1): s3-ap-south-1.amazonaws.com:443
2020-04-12 20:25:07,869 Starting new HTTPS connection (1): s3-ap-south-1.amazonaws.com:443
2020-04-12 20:25:08,080 https://s3-ap-south-1.amazonaws.com:443 "GET /trainings-uploads/python/uploads/projects/v_2/866771/5e7b42b3a70a0.zip HTTP/1.1" 200 15497
2020-04-12 20:25:08,080 https://s3-ap-south-1.amazonaws.com:443 "GET /trainings-uploads/python/uploads/projects/v_2/867027/5e7f218fa0d5c.zip HTTP/1.1" 200 19049
2020-04-12 20:25:08,165 https://s3-ap-south-1.amazonaws.com:443 "GET /trainings-uploads/python/uploads/projects/v_2/873195/5e832cfc3ef7e.rar HTTP/1.1" 200 12365
2020-04-12 20:25:08,211 vasu23049942@gmail.com not valid zip file
2020-04-12 20:25:08,460 https://s3-ap-south-1.amazonaws.com:443 "GET /trainings-uploads/python/uploads/projects/v_2/869845/5e8c7128a79f9.zip HTTP/1.1" 200 23776
2020-04-12 20:25:08,465 https://s3-ap-south-1.amazonaws.com:443 "GET /trainings-uploads/python/uploads/projects/v_2/867525/5e8c6a6a3aa7b.zip HTTP/1.1" 200 37776
2020-04-12 20:25:08,832 https://s3-ap-south-1.amazonaws.com:443 "GET /trainings-uploads/python/uploads/projects/v_2/880702/5e930bf73f6f4.zip HTTP/1.1" 200 15531
2020-04-12 20:25:08,852 https://s3-ap-south-1.amazonaws.com:443 "GET /trainings-uploads/python/uploads/projects/v_2/873104/5e916e23ed865.zip HTTP/1.1" 200 10702
2020-04-12 20:25:08,862 https://s3-ap-south-1.amazonaws.com:443 "GET /trainings-uploads/python/uploads/projects/v_2/894096/5e8ae1ff0a4f9.zip HTTP/1.1" 200 10876
2020-04-12 20:25:08,946 https://s3-ap-south-1.amazonaws.com:443 "GET /trainings-uploads/python/uploads/projects/v_2/901342/5e87719cbb9f6.zip HTTP/1.1" 200 15531
2020-04-12 20:25:08,947 https://s3-ap-south-1.amazonaws.com:443 "GET /trainings-uploads/python/uploads/projects/v_2/896803/5e8f692c4991d.zip HTTP/1.1" 200 19650
2020-04-12 20:25:08,968 https://s3-ap-south-1.amazonaws.com:443 "GET /trainings-uploads/python/uploads/projects/v_2/836408/5e8b49ef57496.zip HTTP/1.1" 200 5895
2020-04-12 20:25:08,984 https://s3-ap-south-1.amazonaws.com:443 "GET /trainings-uploads/python/uploads/projects/v_2/858946/5e8f42f612157.rar HTTP/1.1" 200 5759
2020-04-12 20:25:09,000 https://s3-ap-south-1.amazonaws.com:443 "GET /trainings-uploads/python/uploads/projects/v_2/899945/5e8f835bf3945.zip HTTP/1.1" 200 28503
2020-04-12 20:25:09,006 https://s3-ap-south-1.amazonaws.com:443 "GET /trainings-uploads/python/uploads/projects/v_2/919876/5e8ae83e05d8c.zip HTTP/1.1" 200 14519
2020-04-12 20:25:09,012 https://s3-ap-south-1.amazonaws.com:443 "GET /trainings-uploads/python/uploads/projects/v_2/925930/5e81d6b0a9df0.zip HTTP/1.1" 200 3417
2020-04-12 20:25:09,020 https://s3-ap-south-1.amazonaws.com:443 "GET /trainings-uploads/python/uploads/projects/v_2/876694/5e8b1d3f2c534.zip HTTP/1.1" 200 15531
2020-04-12 20:25:09,024 asupraja999@gmail.com not valid zip file
2020-04-12 20:25:09,026 https://s3-ap-south-1.amazonaws.com:443 "GET /trainings-uploads/python/uploads/projects/v_2/922360/5e7c83bfa23ca.zip HTTP/1.1" 200 20617
2020-04-12 20:25:09,072 https://s3-ap-south-1.amazonaws.com:443 "GET /trainings-uploads/python/uploads/projects/v_2/882225/5e843ea025a5f.zip HTTP/1.1" 200 162853
2020-04-12 20:25:09,074 https://s3-ap-south-1.amazonaws.com:443 "GET /trainings-uploads/python/uploads/projects/v_2/920687/5e8ca68e091cb.zip HTTP/1.1" 200 577535
2020-04-12 20:25:09,075 https://s3-ap-south-1.amazonaws.com:443 "GET /trainings-uploads/python/uploads/projects/v_2/887119/5e91f17a31aad.rar HTTP/1.1" 200 11065
2020-04-12 20:25:09,077 https://s3-ap-south-1.amazonaws.com:443 "GET /trainings-uploads/python/uploads/projects/v_2/922869/5e8c1262a877a.zip HTTP/1.1" 200 10726
2020-04-12 20:25:09,093 maheshthatha143@gmail.com not valid zip file
2020-04-12 20:25:09,201 https://s3-ap-south-1.amazonaws.com:443 "GET /trainings-uploads/python/uploads/projects/v_2/935466/5e8ae4c6b11e4.zip HTTP/1.1" 200 24591
2020-04-12 20:25:09,211 https://s3-ap-south-1.amazonaws.com:443 "GET /trainings-uploads/python/uploads/projects/v_2/882222/5e82e393e8674.zip HTTP/1.1" 200 162853
2020-04-12 20:25:09,216 https://s3-ap-south-1.amazonaws.com:443 "GET /trainings-uploads/python/uploads/projects/v_2/891018/5e8763ea6907e.zip HTTP/1.1" 200 21332
2020-04-12 20:25:09,327 https://s3-ap-south-1.amazonaws.com:443 "GET /trainings-uploads/python/uploads/projects/v_2/871081/5e862af10c315.zip HTTP/1.1" 200 8156
2020-04-12 20:25:09,329 https://s3-ap-south-1.amazonaws.com:443 "GET /trainings-uploads/python/uploads/projects/v_2/877113/5e8d95216f936.rar HTTP/1.1" 200 8318
2020-04-12 20:25:09,331 https://s3-ap-south-1.amazonaws.com:443 "GET /trainings-uploads/python/uploads/projects/v_2/882242/5e843f59b972f.zip HTTP/1.1" 200 162853
2020-04-12 20:25:09,334 https://s3-ap-south-1.amazonaws.com:443 "GET /trainings-uploads/python/uploads/projects/v_2/875059/5e844a8e65d8d.zip HTTP/1.1" 200 30763
2020-04-12 20:25:09,335 https://s3-ap-south-1.amazonaws.com:443 "GET /trainings-uploads/python/uploads/projects/v_2/866765/5e8c681ae58b5.zip HTTP/1.1" 200 37776
2020-04-12 20:25:09,337 https://s3-ap-south-1.amazonaws.com:443 "GET /trainings-uploads/python/uploads/projects/v_2/875685/5e889f2a87f7e.zip HTTP/1.1" 200 11283
2020-04-12 20:25:09,340 https://s3-ap-south-1.amazonaws.com:443 "GET /trainings-uploads/python/uploads/projects/v_2/918423/5e8b5b3e6944f.zip HTTP/1.1" 200 50633
2020-04-12 20:25:09,343 https://s3-ap-south-1.amazonaws.com:443 "GET /trainings-uploads/python/uploads/projects/v_2/804264/5e88b82b4bda7.rar HTTP/1.1" 200 21190
2020-04-12 20:25:09,352 https://s3-ap-south-1.amazonaws.com:443 "GET /trainings-uploads/python/uploads/projects/v_2/870937/5e8a20979bd81.zip HTTP/1.1" 200 4160478
2020-04-12 20:25:09,354 https://s3-ap-south-1.amazonaws.com:443 "GET /trainings-uploads/python/uploads/projects/v_2/876977/5e8ccdf0521fe.zip HTTP/1.1" 200 11908
2020-04-12 20:25:09,364 https://s3-ap-south-1.amazonaws.com:443 "GET /trainings-uploads/python/uploads/projects/v_2/894820/5e84752142413.rar HTTP/1.1" 200 12862
2020-04-12 20:25:09,469 yadavaditya1711@gmail.com not valid zip file
2020-04-12 20:25:09,526 sooraj1998ayiroor@gmail.com not valid zip file
2020-04-12 20:25:10,256 deysarkarswarup123@gmail.com not valid zip file
